
board_game: system execution failed.
Following is the set of recorded exceptions:

-------------------------------------------------------------------------------
Class / Object      Routine                Nature of exception           Effect
-------------------------------------------------------------------------------
BOARD               _invariant @3          squares_exists:              
<0000000001A40450>                         Class invariant violated.     Fail
-------------------------------------------------------------------------------
BOARD               _invariant                                          
<0000000001A40450>                         Routine failure.              Fail
-------------------------------------------------------------------------------
BOARD               make @24                                            
<0000000001A40450>                         Routine failure.              Fail
-------------------------------------------------------------------------------
APPLICATION         make @1                                             
<0000000001A40420>                         Routine failure.              Fail
-------------------------------------------------------------------------------
APPLICATION         root's creation                                     
<0000000001A40420>                         Routine failure.              Exit
-------------------------------------------------------------------------------

board_game: system execution failed.
Following is the set of recorded exceptions:

-------------------------------------------------------------------------------
Class / Object      Routine                Nature of exception           Effect
-------------------------------------------------------------------------------
V_ARRAY_ITERATOR    item @2                valid_position:              
<0000000001D7EA54>  (From V_INDEX_ITERATOR)
                                           Precondition violated.        Fail
-------------------------------------------------------------------------------
BOARD               set_position @4                                     
<0000000001D525C4>                         Routine failure.              Fail
-------------------------------------------------------------------------------
PLAYER              move @6                                             
<0000000001D76E28>                         Routine failure.              Fail
-------------------------------------------------------------------------------
PLAYER              play @4                                             
<0000000001D76E28>                         Routine failure.              Fail
-------------------------------------------------------------------------------
GAME                play @9                                             
<0000000001D525A0>                         Routine failure.              Fail
-------------------------------------------------------------------------------
APPLICATION         make @2                                             
<0000000001D52060>                         Routine failure.              Fail
-------------------------------------------------------------------------------
APPLICATION         root's creation                                     
<0000000001D52060>                         Routine failure.              Exit
-------------------------------------------------------------------------------
